# JRE version: OpenJDK Runtime Environment Temurin-17.0.8.1+1 (17.0.8.1+1) (build 17.0.8.1+1)
# Java VM: OpenJDK 64-Bit Server VM Temurin-17.0.8.1+1 (17.0.8.1+1, mixed mode, sharing, tiered, compressed oops, compressed class ptrs, g1 gc, windows-amd64)
GC Precious Log:
 CPUs: 16 total, 16 available
 Memory: 24277M
 Large Page Support: Disabled
 NUMA Support: Disabled
 Compressed Oops: Enabled (Zero based)
 Heap Region Size: 2M
 Heap Min Capacity: 8M
 Heap Initial Capacity: 380M
 Heap Max Capacity: 4G
 Pre-touch: Disabled
 Parallel Workers: 13
 Concurrent Workers: 3
 Concurrent Refinement Workers: 13
 Periodic GC: Disabled
Heap:
 garbage-first heap   total 727040K, used 197482K [0x0000000700000000, 0x0000000800000000)
  region size 2048K, 23 young (47104K), 5 survivors (10240K)
 Metaspace       used 130674K, committed 131520K, reserved 1179648K
  class space    used 16853K, committed 17280K, reserved 1048576K
GC Heap History (20 events):
Event: 22.383 GC heap before
{Heap before GC invocations=43 (full 0):
 garbage-first heap   total 239616K, used 193522K [0x0000000700000000, 0x0000000800000000)
  region size 2048K, 39 young (79872K), 3 survivors (6144K)
 Metaspace       used 119905K, committed 120704K, reserved 1179648K
  class space    used 15439K, committed 15808K, reserved 1048576K
}
Event: 22.388 GC heap after
{Heap after GC invocations=44 (full 0):
 garbage-first heap   total 239616K, used 121787K [0x0000000700000000, 0x0000000800000000)
  region size 2048K, 2 young (4096K), 2 survivors (4096K)
 Metaspace       used 119905K, committed 120704K, reserved 1179648K
  class space    used 15439K, committed 15808K, reserved 1048576K
}
Event: 23.752 GC heap before
{Heap before GC invocations=45 (full 0):
 garbage-first heap   total 239616K, used 193467K [0x0000000700000000, 0x0000000800000000)
  region size 2048K, 37 young (75776K), 2 survivors (4096K)
 Metaspace       used 125651K, committed 126336K, reserved 1179648K
  class space    used 16201K, committed 16512K, reserved 1048576K
}
Event: 23.757 GC heap after
{Heap after GC invocations=46 (full 0):
 garbage-first heap   total 239616K, used 119318K [0x0000000700000000, 0x0000000800000000)
  region size 2048K, 3 young (6144K), 3 survivors (6144K)
 Metaspace       used 125651K, committed 126336K, reserved 1179648K
  class space    used 16201K, committed 16512K, reserved 1048576K
}
Event: 24.474 GC heap before
{Heap before GC invocations=46 (full 0):
 garbage-first heap   total 239616K, used 145942K [0x0000000700000000, 0x0000000800000000)
  region size 2048K, 17 young (34816K), 3 survivors (6144K)
 Metaspace       used 127524K, committed 128384K, reserved 1179648K
  class space    used 16577K, committed 17024K, reserved 1048576K
}
Event: 24.479 GC heap after
{Heap after GC invocations=47 (full 0):
 garbage-first heap   total 239616K, used 122053K [0x0000000700000000, 0x0000000800000000)
  region size 2048K, 4 young (8192K), 4 survivors (8192K)
 Metaspace       used 127524K, committed 128384K, reserved 1179648K
  class space    used 16577K, committed 17024K, reserved 1048576K
}
Event: 24.693 GC heap before
{Heap before GC invocations=48 (full 0):
 garbage-first heap   total 249856K, used 199877K [0x0000000700000000, 0x0000000800000000)
  region size 2048K, 40 young (81920K), 4 survivors (8192K)
 Metaspace       used 129561K, committed 130432K, reserved 1179648K
  class space    used 16779K, committed 17216K, reserved 1048576K
}
Event: 24.702 GC heap after
{Heap after GC invocations=49 (full 0):
 garbage-first heap   total 249856K, used 153067K [0x0000000700000000, 0x0000000800000000)
  region size 2048K, 5 young (10240K), 5 survivors (10240K)
 Metaspace       used 129561K, committed 130432K, reserved 1179648K
  class space    used 16779K, committed 17216K, reserved 1048576K
}
Event: 24.711 GC heap before
{Heap before GC invocations=49 (full 0):
 garbage-first heap   total 249856K, used 155115K [0x0000000700000000, 0x0000000800000000)
  region size 2048K, 6 young (12288K), 5 survivors (10240K)
 Metaspace       used 129612K, committed 130432K, reserved 1179648K
  class space    used 16780K, committed 17216K, reserved 1048576K
}
Event: 24.720 GC heap after
{Heap after GC invocations=50 (full 0):
 garbage-first heap   total 249856K, used 154670K [0x0000000700000000, 0x0000000800000000)
  region size 2048K, 1 young (2048K), 1 survivors (2048K)
 Metaspace       used 129612K, committed 130432K, reserved 1179648K
  class space    used 16780K, committed 17216K, reserved 1048576K
}
Event: 24.820 GC heap before
{Heap before GC invocations=50 (full 0):
 garbage-first heap   total 249856K, used 195630K [0x0000000700000000, 0x0000000800000000)
  region size 2048K, 22 young (45056K), 1 survivors (2048K)
 Metaspace       used 130030K, committed 130880K, reserved 1179648K
  class space    used 16813K, committed 17216K, reserved 1048576K
}
Event: 24.822 GC heap after
{Heap after GC invocations=51 (full 0):
 garbage-first heap   total 249856K, used 154260K [0x0000000700000000, 0x0000000800000000)
  region size 2048K, 1 young (2048K), 1 survivors (2048K)
 Metaspace       used 130030K, committed 130880K, reserved 1179648K
  class space    used 16813K, committed 17216K, reserved 1048576K
}
Event: 24.945 GC heap before
{Heap before GC invocations=51 (full 0):
 garbage-first heap   total 327680K, used 201364K [0x0000000700000000, 0x0000000800000000)
  region size 2048K, 24 young (49152K), 1 survivors (2048K)
 Metaspace       used 130124K, committed 130944K, reserved 1179648K
  class space    used 16813K, committed 17216K, reserved 1048576K
}
Event: 24.949 GC heap after
{Heap after GC invocations=52 (full 0):
 garbage-first heap   total 727040K, used 154561K [0x0000000700000000, 0x0000000800000000)
  region size 2048K, 1 young (2048K), 1 survivors (2048K)
 Metaspace       used 130124K, committed 130944K, reserved 1179648K
  class space    used 16813K, committed 17216K, reserved 1048576K
}
Event: 25.921 GC heap before
{Heap before GC invocations=53 (full 0):
 garbage-first heap   total 727040K, used 566209K [0x0000000700000000, 0x0000000800000000)
  region size 2048K, 202 young (413696K), 1 survivors (2048K)
 Metaspace       used 130446K, committed 131328K, reserved 1179648K
  class space    used 16830K, committed 17280K, reserved 1048576K
}
Event: 25.927 GC heap after
{Heap after GC invocations=54 (full 0):
 garbage-first heap   total 727040K, used 158492K [0x0000000700000000, 0x0000000800000000)
  region size 2048K, 3 young (6144K), 3 survivors (6144K)
 Metaspace       used 130446K, committed 131328K, reserved 1179648K
  class space    used 16830K, committed 17280K, reserved 1048576K
}
Event: 25.982 GC heap before
{Heap before GC invocations=54 (full 0):
 garbage-first heap   total 727040K, used 185116K [0x0000000700000000, 0x0000000800000000)
  region size 2048K, 17 young (34816K), 3 survivors (6144K)
 Metaspace       used 130452K, committed 131328K, reserved 1179648K
  class space    used 16830K, committed 17280K, reserved 1048576K
}
Event: 25.988 GC heap after
{Heap after GC invocations=55 (full 0):
 garbage-first heap   total 727040K, used 155227K [0x0000000700000000, 0x0000000800000000)
  region size 2048K, 1 young (2048K), 1 survivors (2048K)
 Metaspace       used 130452K, committed 131328K, reserved 1179648K
  class space    used 16830K, committed 17280K, reserved 1048576K
}
Event: 26.784 GC heap before
{Heap before GC invocations=55 (full 0):
 garbage-first heap   total 727040K, used 589403K [0x0000000700000000, 0x0000000800000000)
  region size 2048K, 213 young (436224K), 1 survivors (2048K)
 Metaspace       used 130571K, committed 131456K, reserved 1179648K
  class space    used 16841K, committed 17280K, reserved 1048576K
}
Event: 26.789 GC heap after
{Heap after GC invocations=56 (full 0):
 garbage-first heap   total 727040K, used 158167K [0x0000000700000000, 0x0000000800000000)
  region size 2048K, 2 young (4096K), 2 survivors (4096K)
 Metaspace       used 130571K, committed 131456K, reserved 1179648K
  class space    used 16841K, committed 17280K, reserved 1048576K
}

